-------------------------------------------------------------------------------
Test set: StepDefinitions.TestRunnerForHooks
-------------------------------------------------------------------------------
Tests run: 2, Failures: 0, Errors: 1, Skipped: 0, Time elapsed: 2.455 s <<< FAILURE! -- in StepDefinitions.TestRunnerForHooks
Check login functionality.EMPTY_NAME -- Time elapsed: 0.015 s <<< ERROR!
java.lang.NullPointerException: Cannot invoke "org.openqa.selenium.WebDriver.close()" because "this.driver" is null
	at StepsForHooks.HooksDemoSteps.teardown(HooksDemoSteps.java:42)

